build/app/outputs/mapping/release/seeds.txt
com.example.house_properties_business.MainActivity
com.example.house_properties_business.MainActivity: MainActivity()
...
android.support.v4.app.RemoteActionCompatParcelizer: RemoteActionCompatParcelizer()
io.flutter.embedding.engine.mutatorsstack.FlutterMutatorsStack: void pushTransform(float[])
io.flutter.embedding.engine.FlutterJNI: void nativeDispatchSemanticsAction(long,int,int,java.nio.ByteBuffer,int)
io.flutter.embedding.engine.FlutterJNI: void onRenderingStopped()
io.flutter.plugin.editing.ImeSyncDeferringInsetsCallback$AnimationCallback: android.view.WindowInsets onProgress(android.view.WindowInsets,java.util.List)
io.flutter.plugin.editing.ImeSyncDeferringInsetsCallback: android.view.View$OnApplyWindowInsetsListener getInsetsListener()
io.flutter.plugin.platform.SingleViewPresentation: java.lang.Object createParams
io.flutter.embedding.engine.FlutterJNI: void runBundleAndSnapshotFromLibrary(java.lang.String,java.lang.String,java.lang.String,android.content.res.AssetManager)
io.flutter.embedding.engine.FlutterJNI: void attachToNative(boolean)
io.flutter.embedding.engine.FlutterJNI: io.flutter.embedding.engine.FlutterJNI spawn(java.lang.String,java.lang.String)
io.flutter.embedding.engine.FlutterJNI: void onEndFrame()
io.flutter.embedding.engine.FlutterJNI: void onDisplayPlatformView(int,int,int,int,int,int,int,io.flutter.embedding.engine.mutatorsstack.FlutterMutatorsStack)
io.flutter.embedding.engine.renderer.SurfaceTextureWrapper
io.flutter.plugin.platform.SingleViewPresentation
io.flutter.embedding.engine.FlutterJNI: boolean nativeFlutterTextUtilsIsEmoji(int)
io.flutter.embedding.engine.FlutterJNI: long performNativeAttach(io.flutter.embedding.engine.FlutterJNI,boolean)
androidx.core.graphics.drawable.IconCompatParcelizer: void write(androidx.core.graphics.drawable.IconCompat,androidx.versionedparcelable.VersionedParcel)
io.flutter.embedding.engine.FlutterJNI: void deferredComponentInstallFailure(int,java.lang.String,boolean)
io.flutter.embedding.engine.FlutterJNI: boolean initCalled
io.flutter.plugins.GeneratedPluginRegistrant: void registerWith(io.flutter.embedding.engine.FlutterEngine)
io.flutter.plugin.editing.TextInputPlugin$InputTarget$Type: io.flutter.plugin.editing.TextInputPlugin$InputTarget$Type valueOf(java.lang.String)
io.flutter.embedding.engine.FlutterJNI: void unregisterTexture(long)
androidx.lifecycle.Lifecycle$Event: androidx.lifecycle.Lifecycle$Event[] values()
io.flutter.embedding.engine.FlutterJNI: void addEngineLifecycleListener(io.flutter.embedding.engine.FlutterEngine$EngineLifecycleListener)
io.flutter.embedding.engine.FlutterJNI: void updateCustomAccessibilityActions(java.nio.ByteBuffer,java.lang.String[])
io.flutter.view.AccessibilityViewEmbedder
io.flutter.embedding.engine.FlutterJNI: void nativeUpdateJavaAssetManager(long,android.content.res.AssetManager,java.lang.String)
io.flutter.embedding.android.FlutterImageView
io.flutter.view.FlutterCallbackInformation: java.lang.String callbackLibraryPath
io.flutter.plugin.editing.ImeSyncDeferringInsetsCallback: android.view.WindowInsets access$400(io.flutter.plugin.editing.ImeSyncDeferringInsetsCallback)
io.flutter.embedding.engine.FlutterJNI: void dispatchPlatformMessage(java.lang.String,java.nio.ByteBuffer,int,int)
io.flutter.embedding.engine.FlutterJNI: void ensureAttachedToNative()
io.flutter.embedding.engine.systemchannels.PlatformChannel$HapticFeedbackType: io.flutter.embedding.engine.systemchannels.PlatformChannel$HapticFeedbackType valueOf(java.lang.String)
io.flutter.embedding.engine.FlutterOverlaySurface: android.view.Surface getSurface()
io.flutter.embedding.engine.mutatorsstack.FlutterMutatorsStack: android.graphics.Matrix getFinalMatrix()
io.flutter.plugin.platform.SingleViewPresentation: io.flutter.plugin.platform.SingleViewPresentation$PresentationState detachState()
androidx.lifecycle.LiveData$LifecycleBoundObserver
io.flutter.embedding.engine.FlutterJNI: void nativeSurfaceChanged(long,int,int)
androidx.versionedparcelable.ParcelImpl