build/app/outputs/mapping/release/mapping.txt
# compiler: R8
# compiler_version: 2.1.62
# min_api: 16
# pg_map_id: 32b6683
# common_typos_disable
...
io.flutter.plugin.platform.PlatformPlugin$1 -> io.flutter.plugin.platform.e$a:
    io.flutter.plugin.platform.PlatformPlugin this$0 -> a
    void popSystemNavigator() -> c
    void setSystemUiChangeListener() -> d
    void setPreferredOrientations(int) -> e
    void setApplicationSwitcherDescription(io.flutter.embedding.engine.systemchannels.PlatformChannel$AppSwitcherDescription) -> f
    void vibrateHapticFeedback(io.flutter.embedding.engine.systemchannels.PlatformChannel$HapticFeedbackType) -> g
    void showSystemOverlays(java.util.List) -> h
    void restoreSystemUiOverlays() -> i
    void setClipboardData(java.lang.String) -> j
    boolean clipboardHasStrings() -> k
    void playSystemSound(io.flutter.embedding.engine.systemchannels.PlatformChannel$SoundType) -> l
    java.lang.CharSequence getClipboardData(io.flutter.embedding.engine.systemchannels.PlatformChannel$ClipboardContentFormat) -> m
    void setSystemUiOverlayStyle(io.flutter.embedding.engine.systemchannels.PlatformChannel$SystemChromeStyle) -> n
    void showSystemUiMode(io.flutter.embedding.engine.systemchannels.PlatformChannel$SystemUiMode) -> o
io.flutter.plugin.platform.PlatformPlugin$2 -> io.flutter.plugin.platform.e$b:
    io.flutter.plugin.platform.PlatformPlugin this$0 -> a
io.flutter.plugin.platform.PlatformPlugin$3 -> io.flutter.plugin.platform.e$c:
    int[] $SwitchMap$io$flutter$embedding$engine$systemchannels$PlatformChannel$SystemUiOverlay -> b
    int[] $SwitchMap$io$flutter$embedding$engine$systemchannels$PlatformChannel$Brightness -> c
    int[] $SwitchMap$io$flutter$embedding$engine$systemchannels$PlatformChannel$HapticFeedbackType -> a
io.flutter.plugin.platform.PlatformPlugin$PlatformPluginDelegate -> io.flutter.plugin.platform.e$d:
    boolean popSystemNavigator() -> c
io.flutter.plugin.platform.PlatformView -> io.flutter.plugin.platform.f:
    void onInputConnectionUnlocked() -> a
    void onInputConnectionLocked() -> b
    void dispose() -> c
    void onFlutterViewAttached(android.view.View) -> d
    void onFlutterViewDetached() -> e
    android.view.View getView() -> f
io.flutter.plugin.platform.PlatformViewFactory -> io.flutter.plugin.platform.g:
    io.flutter.plugin.common.MessageCodec createArgsCodec -> a
    io.flutter.plugin.platform.PlatformView create(android.content.Context,int,java.lang.Object) -> a
    io.flutter.plugin.common.MessageCodec getCreateArgsCodec() -> b
io.flutter.plugin.platform.PlatformViewRegistry -> io.flutter.plugin.platform.h:
io.flutter.plugin.platform.PlatformViewRegistryImpl -> io.flutter.plugin.platform.i:
    java.util.Map viewFactories -> a
    io.flutter.plugin.platform.PlatformViewFactory getFactory(java.lang.String) -> a
io.flutter.plugin.platform.PlatformViewsAccessibilityDelegate -> io.flutter.plugin.platform.j:
    android.view.View getPlatformViewById(java.lang.Integer) -> a
    boolean usesVirtualDisplay(java.lang.Integer) -> b
    void attachAccessibilityBridge(io.flutter.view.AccessibilityBridge) -> c
    void detachAccessibiltyBridge() -> d