build/app/outputs/mapping/release/usage.txt
com.example.house_properties_business.R$id
com.example.house_properties_business.R$integer
com.example.house_properties_business.R$layout
com.example.house_properties_business.R$drawable
com.example.house_properties_business.R$style
com.example.house_properties_business.R$styleable
com.example.house_properties_business.R$string
com.example.house_properties_business.R$dimen
com.example.house_properties_business.R$attr
com.example.house_properties_business.BuildConfig
com.example.house_properties_business.R$mipmap
com.example.house_properties_business.R$color
com.example.house_properties_business.R
...
androidx.viewpager.R$attr
com.google.common.util.concurrent.RateLimiter$SleepingStopwatch
kotlin.collections.CollectionsKt__ReversedViewsKt
com.google.common.reflect.TypeToken$InterfaceSet$1
com.google.common.io.BaseEncoding$DecodingException
com.google.common.reflect.TypeResolver$TypeTable
androidx.lifecycle.Transformations$1
com.google.common.collect.SortedLists$KeyAbsentBehavior
kotlin.sequences.SequencesKt___SequencesKt$filterIndexed$2
androidx.activity.OnBackPressedDispatcher$LifecycleOnBackPressedCancellable:
    void <init>(androidx.activity.OnBackPressedDispatcher,androidx.lifecycle.Lifecycle,androidx.activity.OnBackPressedCallback)
com.google.common.collect.Multisets$5
kotlin.UByteKt
androidx.core.util.TimeUtils
kotlin.collections.unsigned.UArraysKt___UArraysKt$withIndex$1
com.google.errorprone.annotations.ForOverride
androidx.activity.R$layout
com.google.common.graph.GraphConstants
com.google.common.collect.ImmutableMultiset
androidx.viewpager.R$style
androidx.core.widget.AutoScrollHelper
kotlin.time.AbstractDoubleClock
com.google.common.collect.MapMakerInternalMap$StrongKeyDummyValueSegment
io.flutter.view.FlutterMain
kotlin.io.FileTreeWalk$FileTreeWalkIterator
com.google.common.collect.MapMakerInternalMap$WeakValueReference
kotlin.coroutines.experimental.intrinsics.IntrinsicsKt__IntrinsicsJvmKt
com.google.common.cache.RemovalListeners
kotlin.experimental.BitwiseOperationsKt
com.google.common.collect.EmptyContiguousSet$1
com.google.common.collect.Sets$1
io.flutter.embedding.android.FlutterActivityAndFragmentDelegate:
    void onLowMemory()
    private static final java.lang.String TAG
    private static final java.lang.String FRAMEWORK_RESTORATION_BUNDLE_KEY
    private static final java.lang.String PLUGINS_RESTORATION_BUNDLE_KEY
    private static final int FLUTTER_SPLASH_VIEW_FALLBACK_ID
com.google.common.util.concurrent.CycleDetectingLockFactory$PotentialDeadlockException
androidx.core.app.ActivityRecreator$3
com.google.common.cache.LocalCache$Segment
com.google.common.collect.PeekingIterator
com.google.common.base.Equivalence$Equals
com.google.common.io.BaseEncoding$5
com.google.common.graph.NetworkConnections
com.google.common.net.package-info
com.google.common.io.ByteSink$1
kotlin.collections.unsigned.UArraysKt___UArraysJvmKt$asList$1
com.google.common.io.Closer$SuppressingSuppressor
com.google.common.cache.CacheBuilder
com.google.common.collect.MapMakerInternalMap$DummyInternalEntry
com.google.common.reflect.Types$JavaVersion$4
kotlin.comparisons.ComparisonsKt__ComparisonsKt
com.google.common.cache.LocalCache$EntryFactory$8
androidx.core.widget.TextViewCompat$AutoSizeTextType
androidx.loader.content.ModernAsyncTask$1
kotlin.PublishedApi
androidx.annotation.NavigationRes
com.google.common.collect.Maps$EntryTransformer
com.google.common.collect.Sets$CartesianSet$1
androidx.core.view.accessibility.AccessibilityNodeInfoCompat
com.google.common.collect.Iterators$PeekingImpl
androidx.savedstate.SavedStateRegistry$1:
    void <init>(androidx.savedstate.SavedStateRegistry)
io.flutter.app.FlutterPluginRegistry$FlutterRegistrar
kotlin.text.DelimitedRangesSequence$iterator$1
com.google.common.reflect.TypeResolver$TypeMappingIntrospector
kotlin.collections.BooleanIterator
kotlin.UseExperimental
com.google.common.collect.SortedSetMultimap
com.google.common.io.PatternFilenameFilter
com.google.common.reflect.Types$ParameterizedTypeImpl
com.google.common.collect.ImmutableClassToInstanceMap$1
com.google.common.collect.Iterables$10
com.google.common.reflect.TypeResolver$TypeTable$1
com.google.common.util.concurrent.ListenerCallQueue$PerListenerQueue
kotlin.coroutines.jvm.internal.ModuleNameRetriever
com.google.common.util.concurrent.ForwardingListeningExecutorService
io.flutter.plugin.editing.InputConnectionAdaptor:
    private static int clampIndexToEditable(int,android.text.Editable)
    private static final java.lang.String TAG
com.google.common.base.Splitter$4
androidx.core.view.WindowInsetsCompat